Release 4.2i - Map E.35
Xilinx Mapping Report File for Design 'orbit'
Copyright (c) 1995-2001 Xilinx, Inc.  All rights reserved.

Design Information
------------------
Command Line   : m1map -p xcs10-4-pc84 -o map.ncd orbit.ngd orbit.pcf 
Target Device  : xs10
Target Package : pc84
Target Speed   : -4
Mapper Version : spartan -- E.35

Design Summary
--------------
   Number of errors:        0
   Number of warnings:      1
   Number of CLBs:              4 out of   196    2%
      CLB Flip Flops:       0
      4 input LUTs:         7
      3 input LUTs:         0
   Number of bonded IOBs:      11 out of    61   18%
      IOB Flops:            0
      IOB Latches:          0
Total equivalent gate count for design: 42
Additional JTAG gate count for IOBs:    528

Table of Contents
-----------------
Section 1 - Errors
Section 2 - Warnings
Section 3 - Informational
Section 4 - Removed Logic Summary
Section 5 - Removed Logic
Section 6 - IOB Properties
Section 7 - RPMs
Section 8 - Guide Report
Section 9 - Area Group Summary
Section 10 - Modular Design Summary

Section 1 - Errors
------------------

Section 2 - Warnings
--------------------
WARNING:OldMap:78 - All of the external outputs in this design are using
   slew-rate-limited output drivers.  The delay on speed critical outputs can be
   dramatically reduced by designating them as fast outputs in the original
   design.  Please see your vendor interface documentation for specific
   information on how to do this within your design-entry tool.
   Note: You should be careful not to designate too many outputs which switch
   together as fast, because this can cause excessive ground bounce.  For more
   information on this subject, please refer to the IOB switching characteristic
   guidelines for the device you are using in the Programmable Logic Data Book.

Section 3 - Informational
-------------------------

Section 4 - Removed Logic Summary
---------------------------------

Section 5 - Removed Logic
-------------------------

Section 6 - Added Logic
-----------------------

Section 7 - Expanded Logic
--------------------------
To enable this section, set the detailed map report option and rerun map.

Section 8 - Signal Cross-Reference
----------------------------------
To enable this section, set the detailed map report option and rerun map.

Section 9 - Symbol Cross-Reference
----------------------------------
To enable this section, set the detailed map report option and rerun map.

Section 10 - IOB Properties
---------------------------
"s<0>" (IOB) : SLEW=SLOW
"s<1>" (IOB) : SLEW=SLOW
"s<2>" (IOB) : SLEW=SLOW
"s<3>" (IOB) : SLEW=SLOW
"s<4>" (IOB) : SLEW=SLOW
"s<5>" (IOB) : SLEW=SLOW
"s<6>" (IOB) : SLEW=SLOW

Section 11 - RPMs
-----------------

Section 12 - Guide Report
-------------------------
Guide not run on this design.
